\BOOKMARK [0][-]{section*.2}{DAFTAR ISI}{}% 1
\BOOKMARK [0][-]{chapter*.3}{DAFTAR TABEL}{}% 2
\BOOKMARK [0][-]{chapter*.5}{DAFTAR GAMBAR}{}% 3
\BOOKMARK [0][-]{chapter.1}{PENDAHULUAN}{}% 4
\BOOKMARK [1][-]{section.1.1}{Latar Belakang}{chapter.1}% 5
\BOOKMARK [1][-]{section.1.2}{Rumusan Masalah}{chapter.1}% 6
\BOOKMARK [1][-]{section.1.3}{Batasan Masalah}{chapter.1}% 7
\BOOKMARK [1][-]{section.1.4}{Tujuan Perancangan}{chapter.1}% 8
\BOOKMARK [1][-]{section.1.5}{Manfaat Perancangan}{chapter.1}% 9
\BOOKMARK [1][-]{section.1.6}{Waktu Pelaksanaan Perancangan}{chapter.1}% 10
\BOOKMARK [0][-]{chapter.2}{TINJAUAN PUSTAKA}{}% 11
\BOOKMARK [1][-]{section.2.1}{Transformator Daya}{chapter.2}% 12
\BOOKMARK [1][-]{section.2.2}{Indeks Kesehatan Trafo}{chapter.2}% 13
\BOOKMARK [2][-]{subsection.2.2.1}{Dissolve Gas Analysis \(DGA\)}{section.2.2}% 14
\BOOKMARK [2][-]{subsection.2.2.2}{Kualitas Minyak Transformator}{section.2.2}% 15
\BOOKMARK [2][-]{subsection.2.2.3}{Pengujian Furan}{section.2.2}% 16
\BOOKMARK [1][-]{section.2.3}{Machine Learning}{chapter.2}% 17
\BOOKMARK [1][-]{section.2.4}{Long Short Term Memory \(LSTM\)}{chapter.2}% 18
\BOOKMARK [2][-]{subsection.2.4.1}{Forget Gate}{section.2.4}% 19
\BOOKMARK [2][-]{subsection.2.4.2}{Input Gate}{section.2.4}% 20
\BOOKMARK [2][-]{subsection.2.4.3}{Cell gate}{section.2.4}% 21
\BOOKMARK [2][-]{subsection.2.4.4}{Output Gate}{section.2.4}% 22
\BOOKMARK [0][-]{chapter.3}{KONSEP PERANCANGAN}{}% 23
\BOOKMARK [1][-]{section.3.1}{Diagram Alir Perancangan}{chapter.3}% 24
\BOOKMARK [1][-]{section.3.2}{Pertimbangan Perancangan}{chapter.3}% 25
\BOOKMARK [2][-]{subsection.3.2.1}{Akurasi}{section.3.2}% 26
\BOOKMARK [2][-]{subsection.3.2.2}{Presisi}{section.3.2}% 27
\BOOKMARK [2][-]{subsection.3.2.3}{Sensitifitas \(recall\)}{section.3.2}% 28
\BOOKMARK [2][-]{subsection.3.2.4}{Spesificitiy}{section.3.2}% 29
\BOOKMARK [2][-]{subsection.3.2.5}{F1 Score}{section.3.2}% 30
\BOOKMARK [2][-]{subsection.3.2.6}{Waktu Pelatihan dan Pengujian}{section.3.2}% 31
\BOOKMARK [1][-]{section.3.3}{Perancangan Model LSTM}{chapter.3}% 32
\BOOKMARK [2][-]{subsection.3.3.1}{Jumlah Neuron}{section.3.3}% 33
\BOOKMARK [2][-]{subsection.3.3.2}{Multilayer layer LSTM}{section.3.3}% 34
\BOOKMARK [2][-]{subsection.3.3.3}{Rasio Dataset}{section.3.3}% 35
\BOOKMARK [1][-]{section.3.4}{Analisis Teknis}{chapter.3}% 36
\BOOKMARK [1][-]{section.3.5}{Peralatan dan Bahan}{chapter.3}% 37
\BOOKMARK [0][-]{chapter.4}{HASIL DAN PEMBAHASAN}{}% 38
\BOOKMARK [1][-]{section.4.1}{Kombinasi pada Fitur Input}{chapter.4}% 39
\BOOKMARK [1][-]{section.4.2}{Perubahan Jumlah Neuron}{chapter.4}% 40
\BOOKMARK [1][-]{section.4.3}{Diagnosis Indeks Kesehatan Transformator Daya: Perubahan Jumlah Layer}{chapter.4}% 41
\BOOKMARK [0][-]{figure.caption.16}{DAFTAR PUSTAKA}{}% 42
