This is pdfTeX, Version 3.14159265-2.6-1.40.20 (TeX Live 2019/Debian) (preloaded format=pdflatex 2021.4.29)  1 JUL 2021 00:03
entering extended mode
 restricted \write18 enabled.
 %&-line parsing enabled.
**abstrakeng.tex
(./abstrakeng.tex
LaTeX2e <2020-02-02> patch level 2
L3 programming layer <2020-02-14>
! Undefined control sequence.
l.1 \BgThispage
               
The control sequence at the end of the top line
of your error message was never \def'ed. If you have
misspelled it (e.g., `\hobx'), type `I' and the correct
spelling (e.g., `I\hbox'). Otherwise just continue,
and I'll forget about whatever was undefined.


! LaTeX Error: Missing \begin{document}.

See the LaTeX manual or LaTeX Companion for explanation.
Type  H <return>  for immediate help.
 ...                                              
                                                  
l.3 ... application embedded in a digital device.}
                                                  
You're in trouble here.  Try typing  <return>  to proceed.
If that doesn't work, type  X <return>  to quit.


Overfull \hbox (47.35538pt too wide) in paragraph at lines 3--4
[]\OT1/cmr/m/it/10 Power
 []


Overfull \hbox (25.42758pt too wide) in paragraph at lines 3--4
\OT1/cmr/m/it/10 trans-
 []


Overfull \hbox (24.14984pt too wide) in paragraph at lines 3--4
\OT1/cmr/m/it/10 form-
 []


Overfull \hbox (12.90546pt too wide) in paragraph at lines 3--4
\OT1/cmr/m/it/10 ers
 []


Overfull \hbox (13.41655pt too wide) in paragraph at lines 3--4
\OT1/cmr/m/it/10 are
 []


Overfull \hbox (15.33324pt too wide) in paragraph at lines 3--4
\OT1/cmr/m/it/10 one
 []


Overfull \hbox (8.17773pt too wide) in paragraph at lines 3--4
\OT1/cmr/m/it/10 of
 []


Overfull \hbox (13.03323pt too wide) in paragraph at lines 3--4
\OT1/cmr/m/it/10 the
 []


Overfull \hbox (17.63322pt too wide) in paragraph at lines 3--4
\OT1/cmr/m/it/10 fun-
 []


Overfull \hbox (13.79991pt too wide) in paragraph at lines 3--4
\OT1/cmr/m/it/10 da-
 []


Overfull \hbox (21.97763pt too wide) in paragraph at lines 3--4
\OT1/cmr/m/it/10 men-
 []


Overfull \hbox (10.98882pt too wide) in paragraph at lines 3--4
\OT1/cmr/m/it/10 tal
 []


Overfull \hbox (20.9554pt too wide) in paragraph at lines 3--4
\OT1/cmr/m/it/10 com-
 []


Overfull \hbox (13.28879pt too wide) in paragraph at lines 3--4
\OT1/cmr/m/it/10 po-
 []


Overfull \hbox (23.2554pt too wide) in paragraph at lines 3--4
\OT1/cmr/m/it/10 nents
 []


Overfull \hbox (8.68884pt too wide) in paragraph at lines 3--4
\OT1/cmr/m/it/10 in
 []


Overfull \hbox (19.42204pt too wide) in paragraph at lines 3--4
\OT1/cmr/m/it/10 elec-
 []


Overfull \hbox (14.18321pt too wide) in paragraph at lines 3--4
\OT1/cmr/m/it/10 tri-
 []


Overfull \hbox (11.75546pt too wide) in paragraph at lines 3--4
\OT1/cmr/m/it/10 cal
 []


Overfull \hbox (25.42758pt too wide) in paragraph at lines 3--4
\OT1/cmr/m/it/10 trans-
 []


Overfull \hbox (18.911pt too wide) in paragraph at lines 3--4
\OT1/cmr/m/it/10 mis-
 []


Overfull \hbox (17.8888pt too wide) in paragraph at lines 3--4
\OT1/cmr/m/it/10 sion
 []


Overfull \hbox (16.611pt too wide) in paragraph at lines 3--4
\OT1/cmr/m/it/10 sys-
 []


Overfull \hbox (23.2554pt too wide) in paragraph at lines 3--4
\OT1/cmr/m/it/10 tems.
 []


Overfull \hbox (19.4221pt too wide) in paragraph at lines 3--4
\OT1/cmr/m/it/10 This
 []


Overfull \hbox (7.15552pt too wide) in paragraph at lines 3--4
\OT1/cmr/m/it/10 is
 []


Overfull \hbox (12.26654pt too wide) in paragraph at lines 3--4
\OT1/cmr/m/it/10 be-
 []


Overfull \hbox (23.25539pt too wide) in paragraph at lines 3--4
\OT1/cmr/m/it/10 cause
 []


Overfull \hbox (25.17204pt too wide) in paragraph at lines 3--4
\OT1/cmr/m/it/10 power
 []


Overfull \hbox (25.42758pt too wide) in paragraph at lines 3--4
\OT1/cmr/m/it/10 trans-
 []


Overfull \hbox (24.14984pt too wide) in paragraph at lines 3--4
\OT1/cmr/m/it/10 form-
 []


Overfull \hbox (12.90546pt too wide) in paragraph at lines 3--4
\OT1/cmr/m/it/10 ers
 []


Overfull \hbox (12.77766pt too wide) in paragraph at lines 3--4
\OT1/cmr/m/it/10 ba-
 []


Overfull \hbox (10.73326pt too wide) in paragraph at lines 3--4
\OT1/cmr/m/it/10 si-
 []


Overfull \hbox (19.67763pt too wide) in paragraph at lines 3--4
\OT1/cmr/m/it/10 cally
 []


Overfull \hbox (17.63322pt too wide) in paragraph at lines 3--4
\OT1/cmr/m/it/10 play
 []


Overfull \hbox (5.11108pt too wide) in paragraph at lines 3--4
\OT1/cmr/m/it/10 a
 []


Overfull \hbox (15.97209pt too wide) in paragraph at lines 3--4
\OT1/cmr/m/it/10 role
 []


Overfull \hbox (8.68884pt too wide) in paragraph at lines 3--4
\OT1/cmr/m/it/10 in
 []


Overfull \hbox (11.88321pt too wide) in paragraph at lines 3--4
\OT1/cmr/m/it/10 re-
 []


Overfull \hbox (18.65543pt too wide) in paragraph at lines 3--4
\OT1/cmr/m/it/10 duc-
 []


Overfull \hbox (13.2888pt too wide) in paragraph at lines 3--4
\OT1/cmr/m/it/10 ing
 []


Overfull \hbox (25.17204pt too wide) in paragraph at lines 3--4
\OT1/cmr/m/it/10 power
 []


Overfull \hbox (24.53319pt too wide) in paragraph at lines 3--4
\OT1/cmr/m/it/10 losses
 []


Overfull \hbox (8.68884pt too wide) in paragraph at lines 3--4
\OT1/cmr/m/it/10 in
 []


Overfull \hbox (13.03323pt too wide) in paragraph at lines 3--4
\OT1/cmr/m/it/10 the
 []


Overfull \hbox (25.42758pt too wide) in paragraph at lines 3--4
\OT1/cmr/m/it/10 trans-
 []


Overfull \hbox (18.911pt too wide) in paragraph at lines 3--4
\OT1/cmr/m/it/10 mis-
 []


Overfull \hbox (17.8888pt too wide) in paragraph at lines 3--4
\OT1/cmr/m/it/10 sion
 []


Overfull \hbox (17.50542pt too wide) in paragraph at lines 3--4
\OT1/cmr/m/it/10 pro-
 []


Overfull \hbox (16.86653pt too wide) in paragraph at lines 3--4
\OT1/cmr/m/it/10 cess
 []


Overfull \hbox (9.45547pt too wide) in paragraph at lines 3--4
\OT1/cmr/m/it/10 by
 []


Overfull \hbox (12.26659pt too wide) in paragraph at lines 3--4
\OT1/cmr/m/it/10 in-
 []


Overfull \hbox (25.172pt too wide) in paragraph at lines 3--4
\OT1/cmr/m/it/10 creas-
 []


Overfull \hbox (13.2888pt too wide) in paragraph at lines 3--4
\OT1/cmr/m/it/10 ing
 []


Overfull \hbox (13.03323pt too wide) in paragraph at lines 3--4
\OT1/cmr/m/it/10 the
 []


Overfull \hbox (19.16652pt too wide) in paragraph at lines 3--4
\OT1/cmr/m/it/10 volt-
 []


Overfull \hbox (14.311pt too wide) in paragraph at lines 3--4
\OT1/cmr/m/it/10 age
 []


Overfull \hbox (18.2721pt too wide) in paragraph at lines 3--4
\OT1/cmr/m/it/10 dur-
 []


Overfull \hbox (13.2888pt too wide) in paragraph at lines 3--4
\OT1/cmr/m/it/10 ing
 []


Overfull \hbox (13.03323pt too wide) in paragraph at lines 3--4
\OT1/cmr/m/it/10 the
 []


Overfull \hbox (25.42758pt too wide) in paragraph at lines 3--4
\OT1/cmr/m/it/10 trans-
 []


Overfull \hbox (18.911pt too wide) in paragraph at lines 3--4
\OT1/cmr/m/it/10 mis-
 []


Overfull \hbox (17.8888pt too wide) in paragraph at lines 3--4
\OT1/cmr/m/it/10 sion
 []


Overfull \hbox (17.50542pt too wide) in paragraph at lines 3--4
\OT1/cmr/m/it/10 pro-
 []


Overfull \hbox (16.86653pt too wide) in paragraph at lines 3--4
\OT1/cmr/m/it/10 cess
 []


Overfull \hbox (8.43327pt too wide) in paragraph at lines 3--4
\OT1/cmr/m/it/10 at
 []


Overfull \hbox (17.88878pt too wide) in paragraph at lines 3--4
\OT1/cmr/m/it/10 long
 []


Overfull \hbox (15.84435pt too wide) in paragraph at lines 3--4
\OT1/cmr/m/it/10 dis-
 []


Overfull \hbox (29.89978pt too wide) in paragraph at lines 3--4
\OT1/cmr/m/it/10 tances.
 []


Overfull \hbox (28.74976pt too wide) in paragraph at lines 3--4
\OT1/cmr/m/it/10 There-
 []


Overfull \hbox (16.4832pt too wide) in paragraph at lines 3--4
\OT1/cmr/m/it/10 fore
 []


Overfull \hbox (25.5554pt too wide) in paragraph at lines 3--4
\OT1/cmr/m/it/10 main-
 []


Overfull \hbox (11.4999pt too wide) in paragraph at lines 3--4
\OT1/cmr/m/it/10 te-
 []


Overfull \hbox (25.04427pt too wide) in paragraph at lines 3--4
\OT1/cmr/m/it/10 nance
 []


Overfull \hbox (13.28879pt too wide) in paragraph at lines 3--4
\OT1/cmr/m/it/10 ac-
 []


Overfull \hbox (14.56654pt too wide) in paragraph at lines 3--4
\OT1/cmr/m/it/10 tiv-
 []


Overfull \hbox (6.6444pt too wide) in paragraph at lines 3--4
\OT1/cmr/m/it/10 i-
 []


Overfull \hbox (15.07767pt too wide) in paragraph at lines 3--4
\OT1/cmr/m/it/10 ties
 []


Overfull \hbox (8.68884pt too wide) in paragraph at lines 3--4
\OT1/cmr/m/it/10 in
 []


Overfull \hbox (13.7999pt too wide) in paragraph at lines 3--4
\OT1/cmr/m/it/10 en-
 []


Overfull \hbox (17.24988pt too wide) in paragraph at lines 3--4
\OT1/cmr/m/it/10 sur-
 []


Overfull \hbox (13.2888pt too wide) in paragraph at lines 3--4
\OT1/cmr/m/it/10 ing
 []


Overfull \hbox (13.03323pt too wide) in paragraph at lines 3--4
\OT1/cmr/m/it/10 the
 []


Overfull \hbox (18.39986pt too wide) in paragraph at lines 3--4
\OT1/cmr/m/it/10 con-
 []


Overfull \hbox (11.75548pt too wide) in paragraph at lines 3--4
\OT1/cmr/m/it/10 di-
 []


Overfull \hbox (17.12212pt too wide) in paragraph at lines 3--4
\OT1/cmr/m/it/10 tion
 []


Overfull \hbox (8.17773pt too wide) in paragraph at lines 3--4
\OT1/cmr/m/it/10 of
 []


Overfull \hbox (13.03323pt too wide) in paragraph at lines 3--4
\OT1/cmr/m/it/10 the
 []


Overfull \hbox (25.17204pt too wide) in paragraph at lines 3--4
\OT1/cmr/m/it/10 power
 []


Overfull \hbox (25.42758pt too wide) in paragraph at lines 3--4
\OT1/cmr/m/it/10 trans-
 []


Overfull \hbox (29.38869pt too wide) in paragraph at lines 3--4
\OT1/cmr/m/it/10 former
 []


Overfull \hbox (14.82211pt too wide) in paragraph at lines 3--4
\OT1/cmr/m/it/10 can
 []


Overfull \hbox (20.57208pt too wide) in paragraph at lines 3--4
\OT1/cmr/m/it/10 work
 []


Overfull \hbox (22.6165pt too wide) in paragraph at lines 3--4
\OT1/cmr/m/it/10 prop-
 []


Overfull \hbox (16.22765pt too wide) in paragraph at lines 3--4
\OT1/cmr/m/it/10 erly
 []


Overfull \hbox (12.26654pt too wide) in paragraph at lines 3--4
\OT1/cmr/m/it/10 be-
 []


Overfull \hbox (21.97762pt too wide) in paragraph at lines 3--4
\OT1/cmr/m/it/10 come
 []


Overfull \hbox (14.82213pt too wide) in paragraph at lines 3--4
\OT1/cmr/m/it/10 im-
 []


Overfull \hbox (17.50542pt too wide) in paragraph at lines 3--4
\OT1/cmr/m/it/10 por-
 []


Overfull \hbox (17.37766pt too wide) in paragraph at lines 3--4
\OT1/cmr/m/it/10 tant
 []


Overfull \hbox (8.43327pt too wide) in paragraph at lines 3--4
\OT1/cmr/m/it/10 to
 []


Overfull \hbox (13.28882pt too wide) in paragraph at lines 3--4
\OT1/cmr/m/it/10 do.
 []


Overfull \hbox (22.76653pt too wide) in paragraph at lines 3--4
\OT1/cmr/m/it/10 How-
 []


Overfull \hbox (21.08316pt too wide) in paragraph at lines 3--4
\OT1/cmr/m/it/10 ever,
 []


Overfull \hbox (13.03323pt too wide) in paragraph at lines 3--4
\OT1/cmr/m/it/10 the
 []


Overfull \hbox (17.50542pt too wide) in paragraph at lines 3--4
\OT1/cmr/m/it/10 pro-
 []


Overfull \hbox (16.86653pt too wide) in paragraph at lines 3--4
\OT1/cmr/m/it/10 cess
 []


Overfull \hbox (8.17773pt too wide) in paragraph at lines 3--4
\OT1/cmr/m/it/10 of
 []


Overfull \hbox (13.28879pt too wide) in paragraph at lines 3--4
\OT1/cmr/m/it/10 de-
 []


Overfull \hbox (15.71652pt too wide) in paragraph at lines 3--4
\OT1/cmr/m/it/10 ter-
 []


Overfull \hbox (20.44432pt too wide) in paragraph at lines 3--4
\OT1/cmr/m/it/10 min-
 []


Overfull \hbox (13.2888pt too wide) in paragraph at lines 3--4
\OT1/cmr/m/it/10 ing
 []


Overfull \hbox (13.03323pt too wide) in paragraph at lines 3--4
\OT1/cmr/m/it/10 the
 []


Overfull \hbox (18.39986pt too wide) in paragraph at lines 3--4
\OT1/cmr/m/it/10 con-
 []


Overfull \hbox (11.75548pt too wide) in paragraph at lines 3--4
\OT1/cmr/m/it/10 di-
 []


Overfull \hbox (17.12212pt too wide) in paragraph at lines 3--4
\OT1/cmr/m/it/10 tion
 []


Overfull \hbox (8.17773pt too wide) in paragraph at lines 3--4
\OT1/cmr/m/it/10 of
 []


Overfull \hbox (13.03323pt too wide) in paragraph at lines 3--4
\OT1/cmr/m/it/10 the
 []


Overfull \hbox (25.42758pt too wide) in paragraph at lines 3--4
\OT1/cmr/m/it/10 trans-
 []


Overfull \hbox (29.38869pt too wide) in paragraph at lines 3--4
\OT1/cmr/m/it/10 former
 []


Overfull \hbox (19.16655pt too wide) in paragraph at lines 3--4
\OT1/cmr/m/it/10 lasts
 []


Overfull \hbox (12.39436pt too wide) in paragraph at lines 3--4
\OT1/cmr/m/it/10 for
 []


Overfull \hbox (5.11108pt too wide) in paragraph at lines 3--4
\OT1/cmr/m/it/10 a
 []


Overfull \hbox (17.88878pt too wide) in paragraph at lines 3--4
\OT1/cmr/m/it/10 long
 []


Overfull \hbox (19.16653pt too wide) in paragraph at lines 3--4
\OT1/cmr/m/it/10 time
 []


Overfull \hbox (15.84436pt too wide) in paragraph at lines 3--4
\OT1/cmr/m/it/10 and
 []


Overfull \hbox (20.95543pt too wide) in paragraph at lines 3--4
\OT1/cmr/m/it/10 must
 []


Overfull \hbox (8.6888pt too wide) in paragraph at lines 3--4
\OT1/cmr/m/it/10 be
 []


Overfull \hbox (20.44432pt too wide) in paragraph at lines 3--4
\OT1/cmr/m/it/10 done
 []


Overfull \hbox (9.45547pt too wide) in paragraph at lines 3--4
\OT1/cmr/m/it/10 by
 []


Overfull \hbox (5.11108pt too wide) in paragraph at lines 3--4
\OT1/cmr/m/it/10 a
 []


Overfull \hbox (11.88321pt too wide) in paragraph at lines 3--4
\OT1/cmr/m/it/10 re-
 []


Overfull \hbox (9.19994pt too wide) in paragraph at lines 3--4
\OT1/cmr/m/it/10 li-
 []


Overfull \hbox (16.86655pt too wide) in paragraph at lines 3--4
\OT1/cmr/m/it/10 able
 []


Overfull \hbox (13.7999pt too wide) in paragraph at lines 3--4
\OT1/cmr/m/it/10 en-
 []


Overfull \hbox (11.24435pt too wide) in paragraph at lines 3--4
\OT1/cmr/m/it/10 gi-
 []


Overfull \hbox (21.59427pt too wide) in paragraph at lines 3--4
\OT1/cmr/m/it/10 neer.
 []


Overfull \hbox (9.47772pt too wide) in paragraph at lines 3--4
\OT1/cmr/m/it/10 In
 []


Overfull \hbox (15.58879pt too wide) in paragraph at lines 3--4
\OT1/cmr/m/it/10 this
 []


Overfull \hbox (13.17212pt too wide) in paragraph at lines 3--4
\OT1/cmr/m/it/10 Fi-
 []


Overfull \hbox (13.28882pt too wide) in paragraph at lines 3--4
\OT1/cmr/m/it/10 nal
 []


Overfull \hbox (33.74417pt too wide) in paragraph at lines 3--4
\OT1/cmr/m/it/10 Project,
 []


Overfull \hbox (5.11108pt too wide) in paragraph at lines 3--4
\OT1/cmr/m/it/10 a
 []


Overfull \hbox (16.86656pt too wide) in paragraph at lines 3--4
\OT1/cmr/m/it/10 ma-
 []


Overfull \hbox (22.99985pt too wide) in paragraph at lines 3--4
\OT1/cmr/m/it/10 chine
 []


Overfull \hbox (38.46083pt too wide) in paragraph at lines 3--4
\OT1/cmr/m/it/10 learning-
 []


Overfull \hbox (22.48871pt too wide) in paragraph at lines 3--4
\OT1/cmr/m/it/10 based
 []


Overfull \hbox (25.17204pt too wide) in paragraph at lines 3--4
\OT1/cmr/m/it/10 power
 []


Overfull \hbox (25.42758pt too wide) in paragraph at lines 3--4
\OT1/cmr/m/it/10 trans-
 []


Overfull \hbox (29.38869pt too wide) in paragraph at lines 3--4
\OT1/cmr/m/it/10 former
 []


Overfull \hbox (25.29982pt too wide) in paragraph at lines 3--4
\OT1/cmr/m/it/10 health
 []


Overfull \hbox (12.26659pt too wide) in paragraph at lines 3--4
\OT1/cmr/m/it/10 in-
 []


Overfull \hbox (14.34991pt too wide) in paragraph at lines 3--4
\OT1/cmr/m/it/10 dex
 []


Overfull \hbox (11.75548pt too wide) in paragraph at lines 3--4
\OT1/cmr/m/it/10 di-
 []


Overfull \hbox (13.28879pt too wide) in paragraph at lines 3--4
\OT1/cmr/m/it/10 ag-
 []


Overfull \hbox (14.31102pt too wide) in paragraph at lines 3--4
\OT1/cmr/m/it/10 no-
 []


Overfull \hbox (11.24438pt too wide) in paragraph at lines 3--4
\OT1/cmr/m/it/10 sis
 []


Overfull \hbox (7.15552pt too wide) in paragraph at lines 3--4
\OT1/cmr/m/it/10 is
 []


Overfull \hbox (13.28879pt too wide) in paragraph at lines 3--4
\OT1/cmr/m/it/10 de-
 []


Overfull \hbox (26.57759pt too wide) in paragraph at lines 3--4
\OT1/cmr/m/it/10 signed
 []


Overfull \hbox (18.14433pt too wide) in paragraph at lines 3--4
\OT1/cmr/m/it/10 with
 []


Overfull \hbox (13.03323pt too wide) in paragraph at lines 3--4
\OT1/cmr/m/it/10 the
 []


Overfull \hbox (21.09428pt too wide) in paragraph at lines 3--4
\OT1/cmr/m/it/10 Long
 []


Overfull \hbox (26.96092pt too wide) in paragraph at lines 3--4
\OT1/cmr/m/it/10 Short-
 []


Overfull \hbox (23.38316pt too wide) in paragraph at lines 3--4
\OT1/cmr/m/it/10 Term
 []


Overfull \hbox (25.32205pt too wide) in paragraph at lines 3--4
\OT1/cmr/m/it/10 Mem-
 []


Overfull \hbox (14.18323pt too wide) in paragraph at lines 3--4
\OT1/cmr/m/it/10 ory
 []


Overfull \hbox (36.19421pt too wide) in paragraph at lines 3--4
\OT1/cmr/m/it/10 (LSTM)
 []


Overfull \hbox (33.98866pt too wide) in paragraph at lines 3--4
\OT1/cmr/m/it/10 method.
 []


Overfull \hbox (16.86655pt too wide) in paragraph at lines 3--4
\OT1/cmr/m/it/10 The
 []


Overfull \hbox (13.28879pt too wide) in paragraph at lines 3--4
\OT1/cmr/m/it/10 de-
 []


Overfull \hbox (17.37767pt too wide) in paragraph at lines 3--4
\OT1/cmr/m/it/10 sign
 []


Overfull \hbox (15.84436pt too wide) in paragraph at lines 3--4
\OT1/cmr/m/it/10 was
 []


Overfull \hbox (20.44432pt too wide) in paragraph at lines 3--4
\OT1/cmr/m/it/10 done
 []


Overfull \hbox (18.14433pt too wide) in paragraph at lines 3--4
\OT1/cmr/m/it/10 with
 []


Overfull \hbox (21.97765pt too wide) in paragraph at lines 3--4
\OT1/cmr/m/it/10 some
 []


Overfull \hbox (33.73311pt too wide) in paragraph at lines 3--4
\OT1/cmr/m/it/10 changes
 []


Overfull \hbox (8.43327pt too wide) in paragraph at lines 3--4
\OT1/cmr/m/it/10 to
 []


Overfull \hbox (13.03323pt too wide) in paragraph at lines 3--4
\OT1/cmr/m/it/10 the
 []


Overfull \hbox (22.74431pt too wide) in paragraph at lines 3--4
\OT1/cmr/m/it/10 num-
 []


Overfull \hbox (12.90543pt too wide) in paragraph at lines 3--4
\OT1/cmr/m/it/10 ber
 []


Overfull \hbox (8.17773pt too wide) in paragraph at lines 3--4
\OT1/cmr/m/it/10 of
 []


Overfull \hbox (16.86656pt too wide) in paragraph at lines 3--4
\OT1/cmr/m/it/10 hid-
 []


Overfull \hbox (15.33324pt too wide) in paragraph at lines 3--4
\OT1/cmr/m/it/10 den
 []


Overfull \hbox (16.09988pt too wide) in paragraph at lines 3--4
\OT1/cmr/m/it/10 lay-
 []


Overfull \hbox (15.9721pt too wide) in paragraph at lines 3--4
\OT1/cmr/m/it/10 ers,
 []


Overfull \hbox (13.28879pt too wide) in paragraph at lines 3--4
\OT1/cmr/m/it/10 ac-
 []


Overfull \hbox (9.96658pt too wide) in paragraph at lines 3--4
\OT1/cmr/m/it/10 ti-
 []


Overfull \hbox (13.28879pt too wide) in paragraph at lines 3--4
\OT1/cmr/m/it/10 va-
 []


Overfull \hbox (17.12212pt too wide) in paragraph at lines 3--4
\OT1/cmr/m/it/10 tion
 []


Overfull \hbox (22.23318pt too wide) in paragraph at lines 3--4
\OT1/cmr/m/it/10 func-
 []


Overfull \hbox (17.12212pt too wide) in paragraph at lines 3--4
\OT1/cmr/m/it/10 tion
 []


Overfull \hbox (15.84436pt too wide) in paragraph at lines 3--4
\OT1/cmr/m/it/10 and
 []


Overfull \hbox (18.65544pt too wide) in paragraph at lines 3--4
\OT1/cmr/m/it/10 data
 []


Overfull \hbox (12.01102pt too wide) in paragraph at lines 3--4
\OT1/cmr/m/it/10 set
 []


Overfull \hbox (12.39433pt too wide) in paragraph at lines 3--4
\OT1/cmr/m/it/10 ra-
 []


Overfull \hbox (11.49992pt too wide) in paragraph at lines 3--4
\OT1/cmr/m/it/10 tio
 []


Overfull \hbox (16.86655pt too wide) in paragraph at lines 3--4
\OT1/cmr/m/it/10 that
 []


Overfull \hbox (18.65543pt too wide) in paragraph at lines 3--4
\OT1/cmr/m/it/10 used
 []


Overfull \hbox (18.2721pt too wide) in paragraph at lines 3--4
\OT1/cmr/m/it/10 dur-
 []


Overfull \hbox (13.2888pt too wide) in paragraph at lines 3--4
\OT1/cmr/m/it/10 ing
 []


Overfull \hbox (24.40536pt too wide) in paragraph at lines 3--4
\OT1/cmr/m/it/10 train-
 []


Overfull \hbox (13.2888pt too wide) in paragraph at lines 3--4
\OT1/cmr/m/it/10 ing
 []


Overfull \hbox (15.84436pt too wide) in paragraph at lines 3--4
\OT1/cmr/m/it/10 and
 []


Overfull \hbox (18.91095pt too wide) in paragraph at lines 3--4
\OT1/cmr/m/it/10 test-
 []


Overfull \hbox (16.35545pt too wide) in paragraph at lines 3--4
\OT1/cmr/m/it/10 ing.
 []


Overfull \hbox (11.52216pt too wide) in paragraph at lines 3--4
\OT1/cmr/m/it/10 As
 []


Overfull \hbox (5.11108pt too wide) in paragraph at lines 3--4
\OT1/cmr/m/it/10 a
 []


Overfull \hbox (11.88321pt too wide) in paragraph at lines 3--4
\OT1/cmr/m/it/10 re-
 []


Overfull \hbox (18.39989pt too wide) in paragraph at lines 3--4
\OT1/cmr/m/it/10 sult,
 []


Overfull \hbox (8.68884pt too wide) in paragraph at lines 3--4
\OT1/cmr/m/it/10 in
 []


Overfull \hbox (13.03323pt too wide) in paragraph at lines 3--4
\OT1/cmr/m/it/10 the
 []


Overfull \hbox (17.24988pt too wide) in paragraph at lines 3--4
\OT1/cmr/m/it/10 first
 []


Overfull \hbox (17.88875pt too wide) in paragraph at lines 3--4
\OT1/cmr/m/it/10 case
 []


Overfull \hbox (13.03323pt too wide) in paragraph at lines 3--4
\OT1/cmr/m/it/10 the
 []


Overfull \hbox (16.09985pt too wide) in paragraph at lines 3--4
\OT1/cmr/m/it/10 best
 []


Overfull \hbox (13.28879pt too wide) in paragraph at lines 3--4
\OT1/cmr/m/it/10 ac-
 []


Overfull \hbox (13.54434pt too wide) in paragraph at lines 3--4
\OT1/cmr/m/it/10 cu-
 []


Overfull \hbox (18.27206pt too wide) in paragraph at lines 3--4
\OT1/cmr/m/it/10 racy
 []


Overfull \hbox (15.84436pt too wide) in paragraph at lines 3--4
\OT1/cmr/m/it/10 was
 []


Overfull \hbox (13.28879pt too wide) in paragraph at lines 3--4
\OT1/cmr/m/it/10 ob-
 []


Overfull \hbox (26.32204pt too wide) in paragraph at lines 3--4
\OT1/cmr/m/it/10 tained
 []


Overfull \hbox (18.3999pt too wide) in paragraph at lines 3--4
\OT1/cmr/m/it/10 99%
 []


Overfull \hbox (8.68884pt too wide) in paragraph at lines 3--4
\OT1/cmr/m/it/10 in
 []


Overfull \hbox (13.03323pt too wide) in paragraph at lines 3--4
\OT1/cmr/m/it/10 the
 []


Overfull \hbox (24.40536pt too wide) in paragraph at lines 3--4
\OT1/cmr/m/it/10 train-
 []


Overfull \hbox (13.2888pt too wide) in paragraph at lines 3--4
\OT1/cmr/m/it/10 ing
 []


Overfull \hbox (17.50542pt too wide) in paragraph at lines 3--4
\OT1/cmr/m/it/10 pro-
 []


Overfull \hbox (16.86653pt too wide) in paragraph at lines 3--4
\OT1/cmr/m/it/10 cess
 []


Overfull \hbox (15.84436pt too wide) in paragraph at lines 3--4
\OT1/cmr/m/it/10 and
 []


Overfull \hbox (8.68884pt too wide) in paragraph at lines 3--4
\OT1/cmr/m/it/10 in
 []


Overfull \hbox (13.03323pt too wide) in paragraph at lines 3--4
\OT1/cmr/m/it/10 the
 []


Overfull \hbox (16.35541pt too wide) in paragraph at lines 3--4
\OT1/cmr/m/it/10 sec-
 []


Overfull \hbox (15.84436pt too wide) in paragraph at lines 3--4
\OT1/cmr/m/it/10 ond
 []


Overfull \hbox (17.88875pt too wide) in paragraph at lines 3--4
\OT1/cmr/m/it/10 case
 []


Overfull \hbox (13.28879pt too wide) in paragraph at lines 3--4
\OT1/cmr/m/it/10 ob-
 []


Overfull \hbox (26.32204pt too wide) in paragraph at lines 3--4
\OT1/cmr/m/it/10 tained
 []


Overfull \hbox (5.11108pt too wide) in paragraph at lines 3--4
\OT1/cmr/m/it/10 a
 []


Overfull \hbox (25.04428pt too wide) in paragraph at lines 3--4
\OT1/cmr/m/it/10 model
 []


Overfull \hbox (16.86655pt too wide) in paragraph at lines 3--4
\OT1/cmr/m/it/10 that
 []


Overfull \hbox (11.75548pt too wide) in paragraph at lines 3--4
\OT1/cmr/m/it/10 di-
 []


Overfull \hbox (18.39987pt too wide) in paragraph at lines 3--4
\OT1/cmr/m/it/10 ago-
 []


Overfull \hbox (11.24438pt too wide) in paragraph at lines 3--4
\OT1/cmr/m/it/10 sis
 []


Overfull \hbox (21.72208pt too wide) in paragraph at lines 3--4
\OT1/cmr/m/it/10 with-
 []


Overfull \hbox (13.79991pt too wide) in paragraph at lines 3--4
\OT1/cmr/m/it/10 out
 []


Overfull \hbox (12.39433pt too wide) in paragraph at lines 3--4
\OT1/cmr/m/it/10 er-
 []


Overfull \hbox (17.12209pt too wide) in paragraph at lines 3--4
\OT1/cmr/m/it/10 rors
 []


Overfull \hbox (18.2721pt too wide) in paragraph at lines 3--4
\OT1/cmr/m/it/10 dur-
 []


Overfull \hbox (13.2888pt too wide) in paragraph at lines 3--4
\OT1/cmr/m/it/10 ing
 []


Overfull \hbox (18.91095pt too wide) in paragraph at lines 3--4
\OT1/cmr/m/it/10 test-
 []


Overfull \hbox (16.35545pt too wide) in paragraph at lines 3--4
\OT1/cmr/m/it/10 ing.
 []


Overfull \hbox (16.86655pt too wide) in paragraph at lines 3--4
\OT1/cmr/m/it/10 The
 []


Overfull \hbox (16.09985pt too wide) in paragraph at lines 3--4
\OT1/cmr/m/it/10 best
 []


Overfull \hbox (25.04428pt too wide) in paragraph at lines 3--4
\OT1/cmr/m/it/10 model
 []


Overfull \hbox (17.50542pt too wide) in paragraph at lines 3--4
\OT1/cmr/m/it/10 pro-
 []


Overfull \hbox (23.76648pt too wide) in paragraph at lines 3--4
\OT1/cmr/m/it/10 duced
 []


Overfull \hbox (7.15552pt too wide) in paragraph at lines 3--4
\OT1/cmr/m/it/10 is
 []


Overfull \hbox (18.65543pt too wide) in paragraph at lines 3--4
\OT1/cmr/m/it/10 then
 []


Overfull \hbox (14.82213pt too wide) in paragraph at lines 3--4
\OT1/cmr/m/it/10 im-
 []


Overfull \hbox (15.84433pt too wide) in paragraph at lines 3--4
\OT1/cmr/m/it/10 ple-
 []


Overfull \hbox (30.922pt too wide) in paragraph at lines 3--4
\OT1/cmr/m/it/10 mented
 []


Overfull \hbox (8.68884pt too wide) in paragraph at lines 3--4
\OT1/cmr/m/it/10 in
 []


Overfull \hbox (10.73328pt too wide) in paragraph at lines 3--4
\OT1/cmr/m/it/10 an
 []


Overfull \hbox (13.79991pt too wide) in paragraph at lines 3--4
\OT1/cmr/m/it/10 ap-
 []


Overfull \hbox (14.31102pt too wide) in paragraph at lines 3--4
\OT1/cmr/m/it/10 pli-
 []


Overfull \hbox (12.77766pt too wide) in paragraph at lines 3--4
\OT1/cmr/m/it/10 ca-
 []


Overfull \hbox (17.12212pt too wide) in paragraph at lines 3--4
\OT1/cmr/m/it/10 tion
 []


Overfull \hbox (16.35544pt too wide) in paragraph at lines 3--4
\OT1/cmr/m/it/10 em-
 []


Overfull \hbox (16.8665pt too wide) in paragraph at lines 3--4
\OT1/cmr/m/it/10 bed-
 []


Overfull \hbox (14.311pt too wide) in paragraph at lines 3--4
\OT1/cmr/m/it/10 ded
 []


Overfull \hbox (8.68884pt too wide) in paragraph at lines 3--4
\OT1/cmr/m/it/10 in
 []


Overfull \hbox (5.11108pt too wide) in paragraph at lines 3--4
\OT1/cmr/m/it/10 a
 []


Overfull \hbox (16.35544pt too wide) in paragraph at lines 3--4
\OT1/cmr/m/it/10 dig-
 []


Overfull \hbox (6.6444pt too wide) in paragraph at lines 3--4
\OT1/cmr/m/it/10 i-
 []


Overfull \hbox (10.98882pt too wide) in paragraph at lines 3--4
\OT1/cmr/m/it/10 tal
 []


Overfull \hbox (13.28879pt too wide) in paragraph at lines 3--4
\OT1/cmr/m/it/10 de-
 []


Overfull \hbox (19.42206pt too wide) in paragraph at lines 3--4
\OT1/cmr/m/it/10 vice. 
 []


Underfull \vbox (badness 10000) has occurred while \output is active []



! LaTeX Error: The font size command \normalsize is not defined:
               there is probably something wrong with the class file.

See the LaTeX manual or LaTeX Companion for explanation.
Type  H <return>  for immediate help.
 ...                                              
                                                  
l.4 
    
Your command was ignored.
Type  I <command> <return>  to replace it with another command,
or  <return>  to continue without it.

[1{/var/lib/texmf/fonts/map/pdftex/updmap/pdftex.map}]

! LaTeX Error: Missing \begin{document}.

See the LaTeX manual or LaTeX Companion for explanation.
Type  H <return>  for immediate help.
 ...                                              
                                                  
l.5 ... Power Transformer, Machine learning, LSTM}
                                                  
You're in trouble here.  Try typing  <return>  to proceed.
If that doesn't work, type  X <return>  to quit.

)
! Emergency stop.
<*> abstrakeng.tex
                  
*** (job aborted, no legal \end found)

 
Here is how much of TeX's memory you used:
 21 strings out of 481239
 450 string characters out of 5920377
 242563 words of memory out of 5000000
 15386 multiletter control sequences out of 15000+600000
 532684 words of font info for 25 fonts, out of 8000000 for 9000
 1141 hyphenation exceptions out of 8191
 16i,4n,15p,597b,95s stack positions out of 5000i,500n,10000p,200000b,80000s
!  ==> Fatal error occurred, no output PDF file produced!
